# JRE version: OpenJDK Runtime Environment (11.0.15) (build 11.0.15+0-b2043.56-8887301)
# Java VM: OpenJDK 64-Bit Server VM (11.0.15+0-b2043.56-8887301, mixed mode, tiered, compressed oops, g1 gc, windows-amd64)
Heap:
 garbage-first heap   total 285696K, used 226858K [0x0000000080000000, 0x0000000100000000)
  region size 1024K, 11 young (11264K), 1 survivors (1024K)
 Metaspace       used 146053K, capacity 150698K, committed 150948K, reserved 1179648K
  class space    used 18186K, capacity 19995K, committed 20044K, reserved 1048576K
GC Heap History (20 events):
Event: 796.120 GC heap before
{Heap before GC invocations=38 (full 0):
 garbage-first heap   total 273408K, used 143963K [0x0000000080000000, 0x0000000100000000)
  region size 1024K, 13 young (13312K), 9 survivors (9216K)
 Metaspace       used 132536K, capacity 136563K, committed 137636K, reserved 1169408K
  class space    used 16479K, capacity 18027K, committed 18508K, reserved 1048576K
}
Event: 796.146 GC heap after
{Heap after GC invocations=39 (full 0):
 garbage-first heap   total 273408K, used 133440K [0x0000000080000000, 0x0000000100000000)
  region size 1024K, 1 young (1024K), 1 survivors (1024K)
 Metaspace       used 132536K, capacity 136563K, committed 137636K, reserved 1169408K
  class space    used 16479K, capacity 18027K, committed 18508K, reserved 1048576K
}
Event: 796.868 GC heap before
{Heap before GC invocations=39 (full 0):
 garbage-first heap   total 273408K, used 164160K [0x0000000080000000, 0x0000000100000000)
  region size 1024K, 33 young (33792K), 1 survivors (1024K)
 Metaspace       used 132732K, capacity 136728K, committed 137636K, reserved 1169408K
  class space    used 16479K, capacity 18028K, committed 18508K, reserved 1048576K
}
Event: 796.877 GC heap after
{Heap after GC invocations=40 (full 0):
 garbage-first heap   total 273408K, used 133020K [0x0000000080000000, 0x0000000100000000)
  region size 1024K, 1 young (1024K), 1 survivors (1024K)
 Metaspace       used 132732K, capacity 136728K, committed 137636K, reserved 1169408K
  class space    used 16479K, capacity 18028K, committed 18508K, reserved 1048576K
}
Event: 935.898 GC heap before
{Heap before GC invocations=41 (full 0):
 garbage-first heap   total 273408K, used 271260K [0x0000000080000000, 0x0000000100000000)
  region size 1024K, 74 young (75776K), 1 survivors (1024K)
 Metaspace       used 135269K, capacity 139593K, committed 140324K, reserved 1171456K
  class space    used 16853K, capacity 18538K, committed 18892K, reserved 1048576K
}
Event: 935.914 GC heap after
{Heap after GC invocations=42 (full 0):
 garbage-first heap   total 285696K, used 197930K [0x0000000080000000, 0x0000000100000000)
  region size 1024K, 11 young (11264K), 11 survivors (11264K)
 Metaspace       used 135269K, capacity 139593K, committed 140324K, reserved 1171456K
  class space    used 16853K, capacity 18538K, committed 18892K, reserved 1048576K
}
Event: 935.975 GC heap before
{Heap before GC invocations=42 (full 0):
 garbage-first heap   total 285696K, used 199978K [0x0000000080000000, 0x0000000100000000)
  region size 1024K, 13 young (13312K), 11 survivors (11264K)
 Metaspace       used 135579K, capacity 139849K, committed 140580K, reserved 1171456K
  class space    used 16933K, capacity 18602K, committed 18892K, reserved 1048576K
}
Event: 935.989 GC heap after
{Heap after GC invocations=43 (full 0):
 garbage-first heap   total 285696K, used 191928K [0x0000000080000000, 0x0000000100000000)
  region size 1024K, 1 young (1024K), 1 survivors (1024K)
 Metaspace       used 135579K, capacity 139849K, committed 140580K, reserved 1171456K
  class space    used 16933K, capacity 18602K, committed 18892K, reserved 1048576K
}
Event: 938.453 GC heap before
{Heap before GC invocations=43 (full 0):
 garbage-first heap   total 285696K, used 241080K [0x0000000080000000, 0x0000000100000000)
  region size 1024K, 49 young (50176K), 1 survivors (1024K)
 Metaspace       used 139601K, capacity 144008K, committed 144420K, reserved 1175552K
  class space    used 17477K, capacity 19153K, committed 19404K, reserved 1048576K
}
Event: 938.470 GC heap after
{Heap after GC invocations=44 (full 0):
 garbage-first heap   total 285696K, used 194462K [0x0000000080000000, 0x0000000100000000)
  region size 1024K, 3 young (3072K), 3 survivors (3072K)
 Metaspace       used 139601K, capacity 144008K, committed 144420K, reserved 1175552K
  class space    used 17477K, capacity 19153K, committed 19404K, reserved 1048576K
}
Event: 942.013 GC heap before
{Heap before GC invocations=45 (full 0):
 garbage-first heap   total 285696K, used 269214K [0x0000000080000000, 0x0000000100000000)
  region size 1024K, 51 young (52224K), 3 survivors (3072K)
 Metaspace       used 141660K, capacity 146197K, committed 146468K, reserved 1175552K
  class space    used 17732K, capacity 19501K, committed 19660K, reserved 1048576K
}
Event: 942.030 GC heap after
{Heap after GC invocations=46 (full 0):
 garbage-first heap   total 285696K, used 228545K [0x0000000080000000, 0x0000000100000000)
  region size 1024K, 7 young (7168K), 7 survivors (7168K)
 Metaspace       used 141660K, capacity 146197K, committed 146468K, reserved 1175552K
  class space    used 17732K, capacity 19501K, committed 19660K, reserved 1048576K
}
Event: 942.111 GC heap before
{Heap before GC invocations=46 (full 0):
 garbage-first heap   total 285696K, used 234689K [0x0000000080000000, 0x0000000100000000)
  region size 1024K, 13 young (13312K), 7 survivors (7168K)
 Metaspace       used 141877K, capacity 146491K, committed 146724K, reserved 1177600K
  class space    used 17757K, capacity 19535K, committed 19660K, reserved 1048576K
}
Event: 942.133 GC heap after
{Heap after GC invocations=47 (full 0):
 garbage-first heap   total 285696K, used 216277K [0x0000000080000000, 0x0000000100000000)
  region size 1024K, 1 young (1024K), 1 survivors (1024K)
 Metaspace       used 141877K, capacity 146491K, committed 146724K, reserved 1177600K
  class space    used 17757K, capacity 19535K, committed 19660K, reserved 1048576K
}
Event: 942.315 GC heap before
{Heap before GC invocations=47 (full 0):
 garbage-first heap   total 285696K, used 246997K [0x0000000080000000, 0x0000000100000000)
  region size 1024K, 31 young (31744K), 1 survivors (1024K)
 Metaspace       used 142485K, capacity 147012K, committed 147364K, reserved 1177600K
  class space    used 17840K, capacity 19602K, committed 19788K, reserved 1048576K
}
Event: 942.325 GC heap after
{Heap after GC invocations=48 (full 0):
 garbage-first heap   total 285696K, used 216631K [0x0000000080000000, 0x0000000100000000)
  region size 1024K, 2 young (2048K), 2 survivors (2048K)
 Metaspace       used 142485K, capacity 147012K, committed 147364K, reserved 1177600K
  class space    used 17840K, capacity 19602K, committed 19788K, reserved 1048576K
}
Event: 943.071 GC heap before
{Heap before GC invocations=49 (full 0):
 garbage-first heap   total 285696K, used 246327K [0x0000000080000000, 0x0000000100000000)
  region size 1024K, 32 young (32768K), 2 survivors (2048K)
 Metaspace       used 143700K, capacity 148275K, committed 148516K, reserved 1177600K
  class space    used 17962K, capacity 19765K, committed 19916K, reserved 1048576K
}
Event: 943.080 GC heap after
{Heap after GC invocations=50 (full 0):
 garbage-first heap   total 285696K, used 217781K [0x0000000080000000, 0x0000000100000000)
  region size 1024K, 3 young (3072K), 3 survivors (3072K)
 Metaspace       used 143700K, capacity 148275K, committed 148516K, reserved 1177600K
  class space    used 17962K, capacity 19765K, committed 19916K, reserved 1048576K
}
Event: 943.297 GC heap before
{Heap before GC invocations=50 (full 0):
 garbage-first heap   total 285696K, used 228021K [0x0000000080000000, 0x0000000100000000)
  region size 1024K, 13 young (13312K), 3 survivors (3072K)
 Metaspace       used 145158K, capacity 149881K, committed 150180K, reserved 1179648K
  class space    used 18079K, capacity 19895K, committed 20044K, reserved 1048576K
}
Event: 943.310 GC heap after
{Heap after GC invocations=51 (full 0):
 garbage-first heap   total 285696K, used 217642K [0x0000000080000000, 0x0000000100000000)
  region size 1024K, 1 young (1024K), 1 survivors (1024K)
 Metaspace       used 145158K, capacity 149881K, committed 150180K, reserved 1179648K
  class space    used 18079K, capacity 19895K, committed 20044K, reserved 1048576K
}

