# JRE version: OpenJDK Runtime Environment (11.0.15) (build 11.0.15+0-b2043.56-8887301)
# Java VM: OpenJDK 64-Bit Server VM (11.0.15+0-b2043.56-8887301, mixed mode, tiered, compressed oops, g1 gc, windows-amd64)
Heap:
 garbage-first heap   total 227328K, used 168394K [0x0000000080000000, 0x0000000100000000)
  region size 1024K, 82 young (83968K), 8 survivors (8192K)
 Metaspace       used 99252K, capacity 101985K, committed 102276K, reserved 1138688K
  class space    used 12746K, capacity 13747K, committed 13848K, reserved 1048576K
GC Heap History (20 events):
Event: 10.439 GC heap before
{Heap before GC invocations=11 (full 0):
 garbage-first heap   total 157696K, used 120663K [0x0000000080000000, 0x0000000100000000)
  region size 1024K, 84 young (86016K), 4 survivors (4096K)
 Metaspace       used 52774K, capacity 54273K, committed 54556K, reserved 1097728K
  class space    used 6705K, capacity 7265K, committed 7320K, reserved 1048576K
}
Event: 10.457 GC heap after
{Heap after GC invocations=12 (full 0):
 garbage-first heap   total 157696K, used 48128K [0x0000000080000000, 0x0000000100000000)
  region size 1024K, 11 young (11264K), 11 survivors (11264K)
 Metaspace       used 52774K, capacity 54273K, committed 54556K, reserved 1097728K
  class space    used 6705K, capacity 7265K, committed 7320K, reserved 1048576K
}
Event: 12.052 GC heap before
{Heap before GC invocations=12 (full 0):
 garbage-first heap   total 157696K, used 124928K [0x0000000080000000, 0x0000000100000000)
  region size 1024K, 79 young (80896K), 11 survivors (11264K)
 Metaspace       used 61705K, capacity 63412K, committed 63644K, reserved 1103872K
  class space    used 7758K, capacity 8389K, committed 8472K, reserved 1048576K
}
Event: 12.076 GC heap after
{Heap after GC invocations=13 (full 0):
 garbage-first heap   total 157696K, used 60416K [0x0000000080000000, 0x0000000100000000)
  region size 1024K, 8 young (8192K), 8 survivors (8192K)
 Metaspace       used 61705K, capacity 63412K, committed 63644K, reserved 1103872K
  class space    used 7758K, capacity 8389K, committed 8472K, reserved 1048576K
}
Event: 13.389 GC heap before
{Heap before GC invocations=13 (full 0):
 garbage-first heap   total 157696K, used 120832K [0x0000000080000000, 0x0000000100000000)
  region size 1024K, 67 young (68608K), 8 survivors (8192K)
 Metaspace       used 66997K, capacity 68750K, committed 69020K, reserved 1110016K
  class space    used 8430K, capacity 9102K, committed 9240K, reserved 1048576K
}
Event: 13.403 GC heap after
{Heap after GC invocations=14 (full 0):
 garbage-first heap   total 189440K, used 57587K [0x0000000080000000, 0x0000000100000000)
  region size 1024K, 4 young (4096K), 4 survivors (4096K)
 Metaspace       used 66997K, capacity 68750K, committed 69020K, reserved 1110016K
  class space    used 8430K, capacity 9102K, committed 9240K, reserved 1048576K
}
Event: 14.013 GC heap before
{Heap before GC invocations=14 (full 0):
 garbage-first heap   total 189440K, used 86259K [0x0000000080000000, 0x0000000100000000)
  region size 1024K, 33 young (33792K), 4 survivors (4096K)
 Metaspace       used 68823K, capacity 70542K, committed 70660K, reserved 1110016K
  class space    used 8672K, capacity 9311K, committed 9368K, reserved 1048576K
}
Event: 14.025 GC heap after
{Heap after GC invocations=15 (full 0):
 garbage-first heap   total 189440K, used 59477K [0x0000000080000000, 0x0000000100000000)
  region size 1024K, 6 young (6144K), 6 survivors (6144K)
 Metaspace       used 68823K, capacity 70542K, committed 70660K, reserved 1110016K
  class space    used 8672K, capacity 9311K, committed 9368K, reserved 1048576K
}
Event: 15.190 GC heap before
{Heap before GC invocations=16 (full 0):
 garbage-first heap   total 189440K, used 139349K [0x0000000080000000, 0x0000000100000000)
  region size 1024K, 84 young (86016K), 6 survivors (6144K)
 Metaspace       used 72169K, capacity 73813K, committed 73988K, reserved 1114112K
  class space    used 9147K, capacity 9805K, committed 9880K, reserved 1048576K
}
Event: 15.210 GC heap after
{Heap after GC invocations=17 (full 0):
 garbage-first heap   total 189440K, used 64091K [0x0000000080000000, 0x0000000100000000)
  region size 1024K, 10 young (10240K), 10 survivors (10240K)
 Metaspace       used 72169K, capacity 73813K, committed 73988K, reserved 1114112K
  class space    used 9147K, capacity 9805K, committed 9880K, reserved 1048576K
}
Event: 17.017 GC heap before
{Heap before GC invocations=17 (full 0):
 garbage-first heap   total 189440K, used 143963K [0x0000000080000000, 0x0000000100000000)
  region size 1024K, 88 young (90112K), 10 survivors (10240K)
 Metaspace       used 79847K, capacity 81739K, committed 81924K, reserved 1120256K
  class space    used 10337K, capacity 11078K, committed 11160K, reserved 1048576K
}
Event: 17.045 GC heap after
{Heap after GC invocations=18 (full 0):
 garbage-first heap   total 189440K, used 68725K [0x0000000080000000, 0x0000000100000000)
  region size 1024K, 10 young (10240K), 10 survivors (10240K)
 Metaspace       used 79847K, capacity 81739K, committed 81924K, reserved 1120256K
  class space    used 10337K, capacity 11078K, committed 11160K, reserved 1048576K
}
Event: 18.491 GC heap before
{Heap before GC invocations=18 (full 0):
 garbage-first heap   total 189440K, used 147573K [0x0000000080000000, 0x0000000100000000)
  region size 1024K, 87 young (89088K), 10 survivors (10240K)
 Metaspace       used 85725K, capacity 87843K, committed 88068K, reserved 1126400K
  class space    used 11105K, capacity 11891K, committed 11928K, reserved 1048576K
}
Event: 18.518 GC heap after
{Heap after GC invocations=19 (full 0):
 garbage-first heap   total 189440K, used 75318K [0x0000000080000000, 0x0000000100000000)
  region size 1024K, 11 young (11264K), 11 survivors (11264K)
 Metaspace       used 85725K, capacity 87843K, committed 88068K, reserved 1126400K
  class space    used 11105K, capacity 11891K, committed 11928K, reserved 1048576K
}
Event: 19.540 GC heap before
{Heap before GC invocations=19 (full 0):
 garbage-first heap   total 189440K, used 149046K [0x0000000080000000, 0x0000000100000000)
  region size 1024K, 84 young (86016K), 11 survivors (11264K)
 Metaspace       used 88937K, capacity 91264K, committed 91396K, reserved 1128448K
  class space    used 11509K, capacity 12390K, committed 12440K, reserved 1048576K
}
Event: 19.578 GC heap after
{Heap after GC invocations=20 (full 0):
 garbage-first heap   total 189440K, used 86152K [0x0000000080000000, 0x0000000100000000)
  region size 1024K, 11 young (11264K), 11 survivors (11264K)
 Metaspace       used 88937K, capacity 91264K, committed 91396K, reserved 1128448K
  class space    used 11509K, capacity 12390K, committed 12440K, reserved 1048576K
}
Event: 21.188 GC heap before
{Heap before GC invocations=20 (full 0):
 garbage-first heap   total 189440K, used 149640K [0x0000000080000000, 0x0000000100000000)
  region size 1024K, 74 young (75776K), 11 survivors (11264K)
 Metaspace       used 90462K, capacity 92917K, committed 93060K, reserved 1130496K
  class space    used 11650K, capacity 12557K, committed 12568K, reserved 1048576K
}
Event: 21.220 GC heap after
{Heap after GC invocations=21 (full 0):
 garbage-first heap   total 227328K, used 92106K [0x0000000080000000, 0x0000000100000000)
  region size 1024K, 6 young (6144K), 6 survivors (6144K)
 Metaspace       used 90462K, capacity 92917K, committed 93060K, reserved 1130496K
  class space    used 11650K, capacity 12557K, committed 12568K, reserved 1048576K
}
Event: 22.359 GC heap before
{Heap before GC invocations=21 (full 0):
 garbage-first heap   total 227328K, used 173002K [0x0000000080000000, 0x0000000100000000)
  region size 1024K, 86 young (88064K), 6 survivors (6144K)
 Metaspace       used 95057K, capacity 97576K, committed 97796K, reserved 1134592K
  class space    used 12219K, capacity 13173K, committed 13208K, reserved 1048576K
}
Event: 22.374 GC heap after
{Heap after GC invocations=22 (full 0):
 garbage-first heap   total 227328K, used 94666K [0x0000000080000000, 0x0000000100000000)
  region size 1024K, 8 young (8192K), 8 survivors (8192K)
 Metaspace       used 95057K, capacity 97576K, committed 97796K, reserved 1134592K
  class space    used 12219K, capacity 13173K, committed 13208K, reserved 1048576K
}

